# JRE version: OpenJDK Runtime Environment (21.0.8) (build 21.0.8+-14196175-b1038.72)
# Java VM: OpenJDK 64-Bit Server VM (21.0.8+-14196175-b1038.72, mixed mode, tiered, compressed oops, compressed class ptrs, g1 gc, windows-amd64)
GC Precious Log:
 CardTable entry size: 512
 Card Set container configuration: InlinePtr #cards 5 size 8 Array Of Cards #cards 12 size 40 Howl #buckets 4 coarsen threshold 1843 Howl Bitmap #cards 512 size 80 coarsen threshold 460 Card regions per heap region 1 cards per card region 2048
 CPUs: 4 total, 4 available
 Memory: 32711M
 Large Page Support: Disabled
 NUMA Support: Disabled
 Compressed Oops: Enabled (32-bit)
 Heap Region Size: 1M
 Heap Min Capacity: 8M
 Heap Initial Capacity: 512M
 Heap Max Capacity: 2G
 Pre-touch: Disabled
 Parallel Workers: 4
 Concurrent Workers: 1
 Concurrent Refinement Workers: 4
 Periodic GC: Disabled
Heap:
 garbage-first heap   total 215040K, used 109930K [0x0000000080000000, 0x0000000100000000)
  region size 1024K, 13 young (13312K), 2 survivors (2048K)
 Metaspace       used 68215K, committed 69952K, reserved 1114112K
  class space    used 9609K, committed 10432K, reserved 1048576K
GC Heap History (20 events):
Event: 1.713 GC heap before
{Heap before GC invocations=3 (full 0):
 garbage-first heap   total 524288K, used 55876K [0x0000000080000000, 0x0000000100000000)
  region size 1024K, 44 young (45056K), 1 survivors (1024K)
 Metaspace       used 21263K, committed 21504K, reserved 1114112K
  class space    used 2519K, committed 2624K, reserved 1048576K
}
Event: 1.719 GC heap after
{Heap after GC invocations=4 (full 0):
 garbage-first heap   total 524288K, used 20234K [0x0000000080000000, 0x0000000100000000)
  region size 1024K, 9 young (9216K), 9 survivors (9216K)
 Metaspace       used 21263K, committed 21504K, reserved 1114112K
  class space    used 2519K, committed 2624K, reserved 1048576K
}
Event: 2.143 GC heap before
{Heap before GC invocations=5 (full 0):
 garbage-first heap   total 71680K, used 53002K [0x0000000080000000, 0x0000000100000000)
  region size 1024K, 42 young (43008K), 9 survivors (9216K)
 Metaspace       used 27327K, committed 27776K, reserved 1114112K
  class space    used 3470K, committed 3712K, reserved 1048576K
}
Event: 2.150 GC heap after
{Heap after GC invocations=6 (full 0):
 garbage-first heap   total 71680K, used 21789K [0x0000000080000000, 0x0000000100000000)
  region size 1024K, 2 young (2048K), 2 survivors (2048K)
 Metaspace       used 27327K, committed 27776K, reserved 1114112K
  class space    used 3470K, committed 3712K, reserved 1048576K
}
Event: 2.545 GC heap before
{Heap before GC invocations=6 (full 0):
 garbage-first heap   total 71680K, used 57629K [0x0000000080000000, 0x0000000100000000)
  region size 1024K, 37 young (37888K), 2 survivors (2048K)
 Metaspace       used 32052K, committed 32640K, reserved 1114112K
  class space    used 4320K, committed 4608K, reserved 1048576K
}
Event: 2.549 GC heap after
{Heap after GC invocations=7 (full 0):
 garbage-first heap   total 71680K, used 24486K [0x0000000080000000, 0x0000000100000000)
  region size 1024K, 5 young (5120K), 5 survivors (5120K)
 Metaspace       used 32052K, committed 32640K, reserved 1114112K
  class space    used 4320K, committed 4608K, reserved 1048576K
}
Event: 2.824 GC heap before
{Heap before GC invocations=7 (full 0):
 garbage-first heap   total 71680K, used 47014K [0x0000000080000000, 0x0000000100000000)
  region size 1024K, 28 young (28672K), 5 survivors (5120K)
 Metaspace       used 35328K, committed 36160K, reserved 1114112K
  class space    used 4918K, committed 5312K, reserved 1048576K
}
Event: 2.828 GC heap after
{Heap after GC invocations=8 (full 0):
 garbage-first heap   total 71680K, used 26270K [0x0000000080000000, 0x0000000100000000)
  region size 1024K, 5 young (5120K), 5 survivors (5120K)
 Metaspace       used 35328K, committed 36160K, reserved 1114112K
  class space    used 4918K, committed 5312K, reserved 1048576K
}
Event: 3.105 GC heap before
{Heap before GC invocations=9 (full 0):
 garbage-first heap   total 72704K, used 71326K [0x0000000080000000, 0x0000000100000000)
  region size 1024K, 21 young (21504K), 5 survivors (5120K)
 Metaspace       used 36603K, committed 37504K, reserved 1114112K
  class space    used 5140K, committed 5568K, reserved 1048576K
}
Event: 3.111 GC heap after
{Heap after GC invocations=10 (full 0):
 garbage-first heap   total 81920K, used 60309K [0x0000000080000000, 0x0000000100000000)
  region size 1024K, 5 young (5120K), 5 survivors (5120K)
 Metaspace       used 36603K, committed 37504K, reserved 1114112K
  class space    used 5140K, committed 5568K, reserved 1048576K
}
Event: 3.249 GC heap before
{Heap before GC invocations=10 (full 0):
 garbage-first heap   total 81920K, used 72597K [0x0000000080000000, 0x0000000100000000)
  region size 1024K, 17 young (17408K), 5 survivors (5120K)
 Metaspace       used 38312K, committed 39168K, reserved 1114112K
  class space    used 5375K, committed 5760K, reserved 1048576K
}
Event: 3.251 GC heap after
{Heap after GC invocations=11 (full 0):
 garbage-first heap   total 81920K, used 60913K [0x0000000080000000, 0x0000000100000000)
  region size 1024K, 1 young (1024K), 1 survivors (1024K)
 Metaspace       used 38312K, committed 39168K, reserved 1114112K
  class space    used 5375K, committed 5760K, reserved 1048576K
}
Event: 3.398 GC heap before
{Heap before GC invocations=11 (full 0):
 garbage-first heap   total 81920K, used 74225K [0x0000000080000000, 0x0000000100000000)
  region size 1024K, 14 young (14336K), 1 survivors (1024K)
 Metaspace       used 40150K, committed 41088K, reserved 1114112K
  class space    used 5691K, committed 6144K, reserved 1048576K
}
Event: 3.401 GC heap after
{Heap after GC invocations=12 (full 0):
 garbage-first heap   total 303104K, used 61573K [0x0000000080000000, 0x0000000100000000)
  region size 1024K, 2 young (2048K), 2 survivors (2048K)
 Metaspace       used 40150K, committed 41088K, reserved 1114112K
  class space    used 5691K, committed 6144K, reserved 1048576K
}
Event: 4.610 GC heap before
{Heap before GC invocations=13 (full 0):
 garbage-first heap   total 208896K, used 188549K [0x0000000080000000, 0x0000000100000000)
  region size 1024K, 122 young (124928K), 2 survivors (2048K)
 Metaspace       used 55489K, committed 56960K, reserved 1114112K
  class space    used 7766K, committed 8512K, reserved 1048576K
}
Event: 4.620 GC heap after
{Heap after GC invocations=14 (full 0):
 garbage-first heap   total 208896K, used 71223K [0x0000000080000000, 0x0000000100000000)
  region size 1024K, 11 young (11264K), 11 survivors (11264K)
 Metaspace       used 55489K, committed 56960K, reserved 1114112K
  class space    used 7766K, committed 8512K, reserved 1048576K
}
Event: 5.642 GC heap before
{Heap before GC invocations=14 (full 0):
 garbage-first heap   total 208896K, used 191031K [0x0000000080000000, 0x0000000100000000)
  region size 1024K, 111 young (113664K), 11 survivors (11264K)
 Metaspace       used 64116K, committed 65792K, reserved 1114112K
  class space    used 8921K, committed 9728K, reserved 1048576K
}
Event: 5.655 GC heap after
{Heap after GC invocations=15 (full 0):
 garbage-first heap   total 215040K, used 97508K [0x0000000080000000, 0x0000000100000000)
  region size 1024K, 11 young (11264K), 11 survivors (11264K)
 Metaspace       used 64116K, committed 65792K, reserved 1114112K
  class space    used 8921K, committed 9728K, reserved 1048576K
}
Event: 5.946 GC heap before
{Heap before GC invocations=15 (full 0):
 garbage-first heap   total 215040K, used 126180K [0x0000000080000000, 0x0000000100000000)
  region size 1024K, 40 young (40960K), 11 survivors (11264K)
 Metaspace       used 67384K, committed 69056K, reserved 1114112K
  class space    used 9471K, committed 10304K, reserved 1048576K
}
Event: 5.953 GC heap after
{Heap after GC invocations=16 (full 0):
 garbage-first heap   total 215040K, used 99690K [0x0000000080000000, 0x0000000100000000)
  region size 1024K, 2 young (2048K), 2 survivors (2048K)
 Metaspace       used 67384K, committed 69056K, reserved 1114112K
  class space    used 9471K, committed 10304K, reserved 1048576K
}

